<?xml version="1.0" encoding="UTF-8"?>
<!-- Generated by org.testng.reporters.JUnitXMLReporter -->
<testsuite hostname="IXR9BAX7057BU7U" ignored="0" name="AppTestj" tests="1" failures="1" timestamp="05 六月 2019 11:58:14 GMT" time="0.056" errors="0">
  <testcase name="testcase1" time="0.014" classname="com.shijie.base.TestDemo">
    <failure type="java.lang.AssertionError" message="expected [true] but found [false]">
      <![CDATA[java.lang.AssertionError: expected [true] but found [false]at com.shijie.base.TestDemo.testcase1(TestDemo.java:9)... Removed 28 stack frames]]>
    </failure>
  </testcase> <!-- testcase1 -->
</testsuite> <!-- AppTestj -->
